{
  "RSpec": {
    "coverage": {
      "/home/vibhor/Documents/Ruby-on-Rails-eCommerce-Website/app/helpers/account_activations_helper.rb": [
        1,
        null
      ],
      "/home/vibhor/Documents/Ruby-on-Rails-eCommerce-Website/app/helpers/application_helper.rb": [
        1,
        null,
        1,
        0,
        0,
        0,
        null,
        0,
        null,
        null,
        null
      ],
      "/home/vibhor/Documents/Ruby-on-Rails-eCommerce-Website/app/helpers/carts_helper.rb": [
        1,
        null
      ],
      "/home/vibhor/Documents/Ruby-on-Rails-eCommerce-Website/app/helpers/line_items_helper.rb": [
        1,
        null
      ],
      "/home/vibhor/Documents/Ruby-on-Rails-eCommerce-Website/app/helpers/microposts_helper.rb": [
        1,
        null
      ],
      "/home/vibhor/Documents/Ruby-on-Rails-eCommerce-Website/app/helpers/orders_helper.rb": [
        1,
        null
      ],
      "/home/vibhor/Documents/Ruby-on-Rails-eCommerce-Website/app/helpers/password_resets_helper.rb": [
        1,
        null
      ],
      "/home/vibhor/Documents/Ruby-on-Rails-eCommerce-Website/app/helpers/products_helper.rb": [
        1,
        null
      ],
      "/home/vibhor/Documents/Ruby-on-Rails-eCommerce-Website/app/helpers/relationships_helper.rb": [
        1,
        null
      ],
      "/home/vibhor/Documents/Ruby-on-Rails-eCommerce-Website/app/helpers/sessions_helper.rb": [
        1,
        null,
        1,
        0,
        null,
        null,
        null,
        1,
        0,
        0,
        0,
        null,
        null,
        null,
        1,
        0,
        null,
        null,
        null,
        1,
        0,
        0,
        0,
        0,
        0,
        0,
        0,
        null,
        null,
        null,
        null,
        null,
        1,
        0,
        null,
        null,
        null,
        1,
        0,
        0,
        0,
        null,
        null,
        null,
        1,
        0,
        0,
        0,
        null,
        null,
        null,
        1,
        0,
        0,
        null,
        null,
        null,
        1,
        0,
        null,
        null
      ],
      "/home/vibhor/Documents/Ruby-on-Rails-eCommerce-Website/app/helpers/static_pages_helper.rb": [
        1,
        null
      ],
      "/home/vibhor/Documents/Ruby-on-Rails-eCommerce-Website/app/helpers/users_helper.rb": [
        1,
        null,
        1,
        null,
        null,
        null,
        null,
        null,
        null,
        0,
        null,
        null,
        null,
        null,
        null,
        null,
        null,
        null
      ],
      "/home/vibhor/Documents/Ruby-on-Rails-eCommerce-Website/app/models/order.rb": [
        1,
        1,
        null,
        null,
        null,
        null,
        null,
        1,
        null,
        null,
        null,
        null,
        1,
        0,
        0,
        0,
        null,
        0,
        null,
        null,
        1,
        0,
        null,
        null
      ],
      "/home/vibhor/Documents/Ruby-on-Rails-eCommerce-Website/app/models/application_record.rb": [
        1,
        1,
        null
      ],
      "/home/vibhor/Documents/Ruby-on-Rails-eCommerce-Website/app/models/user.rb": [
        1,
        1,
        1,
        1,
        1,
        null,
        null,
        1,
        null,
        null,
        1,
        1,
        null,
        1,
        2,
        null,
        1,
        null,
        2,
        1,
        null,
        null,
        null,
        null,
        null,
        null,
        1,
        null,
        null,
        1,
        1,
        null,
        null,
        1,
        1,
        1,
        null,
        0,
        null,
        1,
        null,
        null,
        null,
        1,
        1,
        null,
        null,
        1,
        0,
        0,
        null,
        null,
        null,
        1,
        0,
        0,
        null,
        0,
        null,
        null,
        null,
        1,
        0,
        null,
        null,
        null,
        1,
        0,
        null,
        null,
        null,
        1,
        0,
        null,
        null,
        null,
        1,
        0,
        0,
        null,
        null,
        null,
        null,
        1,
        0,
        null,
        null,
        null,
        1,
        0,
        null,
        null,
        null,
        1,
        0,
        null,
        0,
        null,
        null,
        null,
        1,
        0,
        null,
        null,
        null,
        1,
        0,
        null,
        null,
        null,
        1,
        0,
        null,
        null,
        null,
        1,
        0,
        null,
        null,
        1,
        null,
        null,
        null,
        null,
        null,
        null,
        null,
        1,
        1,
        1,
        null,
        null
      ],
      "/home/vibhor/Documents/Ruby-on-Rails-eCommerce-Website/app/uploaders/picture_uploader.rb": [
        0,
        0,
        0,
        null,
        0,
        0,
        0,
        0,
        0,
        null,
        null,
        null,
        0,
        0,
        0,
        null,
        null,
        0,
        0,
        0,
        0
      ],
      "/home/vibhor/Documents/Ruby-on-Rails-eCommerce-Website/app/uploaders/product_picture_uploader.rb": [
        0,
        0,
        0,
        null,
        0,
        0,
        0,
        0,
        0,
        null,
        null,
        null,
        0,
        0,
        0,
        null,
        null,
        0,
        0,
        0,
        0
      ],
      "/home/vibhor/Documents/Ruby-on-Rails-eCommerce-Website/app/models/product.rb": [
        0,
        0,
        0,
        0,
        null,
        0,
        0,
        0,
        0
      ],
      "/home/vibhor/Documents/Ruby-on-Rails-eCommerce-Website/app/models/cart.rb": [
        0,
        0,
        0,
        null,
        null,
        0,
        0,
        0,
        0,
        0,
        0,
        0,
        0
      ],
      "/home/vibhor/Documents/Ruby-on-Rails-eCommerce-Website/app/models/micropost.rb": [
        0,
        0,
        0,
        0,
        0,
        0,
        0,
        null,
        0,
        null,
        null,
        0,
        0,
        null,
        0,
        0,
        0
      ],
      "/home/vibhor/Documents/Ruby-on-Rails-eCommerce-Website/app/models/relationship.rb": [
        0,
        0,
        0,
        0,
        0,
        0
      ],
      "/home/vibhor/Documents/Ruby-on-Rails-eCommerce-Website/app/models/line_item.rb": [
        0,
        0,
        0,
        null,
        null,
        null,
        0,
        0,
        0,
        0,
        0,
        0,
        0,
        null,
        0,
        0,
        0,
        0
      ],
      "/home/vibhor/Documents/Ruby-on-Rails-eCommerce-Website/app/channels/application_cable/channel.rb": [
        0,
        0,
        0,
        0
      ],
      "/home/vibhor/Documents/Ruby-on-Rails-eCommerce-Website/app/channels/application_cable/connection.rb": [
        0,
        0,
        0,
        0
      ],
      "/home/vibhor/Documents/Ruby-on-Rails-eCommerce-Website/app/jobs/application_job.rb": [
        0,
        0
      ],
      "/home/vibhor/Documents/Ruby-on-Rails-eCommerce-Website/app/mailers/application_mailer.rb": [
        0,
        0,
        0,
        0
      ],
      "/home/vibhor/Documents/Ruby-on-Rails-eCommerce-Website/app/mailers/user_mailer.rb": [
        0,
        null,
        0,
        0,
        0,
        0,
        null,
        0,
        0,
        0,
        0,
        0
      ]
    },
    "timestamp": 1541879074
  }
}
